2019-04-15 00:42:02.730  INFO 908 --- [restartedMain] c.e.d.Demo2Application                   : Starting Demo2Application on CEN-GD with PID 908 (F:\springbootwork\demo2\target\classes started by 10637_000 in F:\springbootwork\demo2)
2019-04-15 00:42:02.737  INFO 908 --- [restartedMain] c.e.d.Demo2Application                   : The following profiles are active: dev
2019-04-15 00:42:02.782  INFO 908 --- [restartedMain] .e.DevToolsPropertyDefaultsPostProcessor : Devtools property defaults active! Set 'spring.devtools.add-properties' to 'false' to disable
2019-04-15 00:42:02.782  INFO 908 --- [restartedMain] .e.DevToolsPropertyDefaultsPostProcessor : For additional web related logging consider setting the 'logging.level.web' property to 'DEBUG'
2019-04-15 00:42:03.515  INFO 908 --- [restartedMain] .s.d.r.c.RepositoryConfigurationDelegate : Multiple Spring Data modules found, entering strict repository configuration mode!
2019-04-15 00:42:03.519  INFO 908 --- [restartedMain] .s.d.r.c.RepositoryConfigurationDelegate : Bootstrapping Spring Data repositories in DEFAULT mode.
2019-04-15 00:42:03.541  INFO 908 --- [restartedMain] .s.d.r.c.RepositoryConfigurationDelegate : Finished Spring Data repository scanning in 11ms. Found 0 repository interfaces.
2019-04-15 00:42:03.825  INFO 908 --- [restartedMain] trationDelegate$BeanPostProcessorChecker : Bean 'shiroConfiguration' of type [com.example.shiro.ShiroConfiguration$$EnhancerBySpringCGLIB$$676d0e1a] is not eligible for getting processed by all BeanPostProcessors (for example: not eligible for auto-proxying)
2019-04-15 00:42:04.115  INFO 908 --- [restartedMain] trationDelegate$BeanPostProcessorChecker : Bean 'mybatis-org.mybatis.spring.boot.autoconfigure.MybatisProperties' of type [org.mybatis.spring.boot.autoconfigure.MybatisProperties] is not eligible for getting processed by all BeanPostProcessors (for example: not eligible for auto-proxying)
2019-04-15 00:42:04.123  INFO 908 --- [restartedMain] trationDelegate$BeanPostProcessorChecker : Bean 'org.mybatis.spring.boot.autoconfigure.MybatisAutoConfiguration' of type [org.mybatis.spring.boot.autoconfigure.MybatisAutoConfiguration$$EnhancerBySpringCGLIB$$9d5e63f2] is not eligible for getting processed by all BeanPostProcessors (for example: not eligible for auto-proxying)
2019-04-15 00:42:04.125  INFO 908 --- [restartedMain] trationDelegate$BeanPostProcessorChecker : Bean 'org.springframework.boot.autoconfigure.jdbc.DataSourceConfiguration$Hikari' of type [org.springframework.boot.autoconfigure.jdbc.DataSourceConfiguration$Hikari] is not eligible for getting processed by all BeanPostProcessors (for example: not eligible for auto-proxying)
2019-04-15 00:42:04.133  INFO 908 --- [restartedMain] trationDelegate$BeanPostProcessorChecker : Bean 'spring.datasource-org.springframework.boot.autoconfigure.jdbc.DataSourceProperties' of type [org.springframework.boot.autoconfigure.jdbc.DataSourceProperties] is not eligible for getting processed by all BeanPostProcessors (for example: not eligible for auto-proxying)
2019-04-15 00:42:04.151  INFO 908 --- [restartedMain] trationDelegate$BeanPostProcessorChecker : Bean 'dataSource' of type [com.zaxxer.hikari.HikariDataSource] is not eligible for getting processed by all BeanPostProcessors (for example: not eligible for auto-proxying)
2019-04-15 00:42:04.401  INFO 908 --- [restartedMain] trationDelegate$BeanPostProcessorChecker : Bean 'sqlSessionFactory' of type [org.apache.ibatis.session.defaults.DefaultSqlSessionFactory] is not eligible for getting processed by all BeanPostProcessors (for example: not eligible for auto-proxying)
2019-04-15 00:42:04.408  INFO 908 --- [restartedMain] trationDelegate$BeanPostProcessorChecker : Bean 'sqlSessionTemplate' of type [org.mybatis.spring.SqlSessionTemplate] is not eligible for getting processed by all BeanPostProcessors (for example: not eligible for auto-proxying)
2019-04-15 00:42:04.409  INFO 908 --- [restartedMain] trationDelegate$BeanPostProcessorChecker : Bean 'userMapper' of type [org.mybatis.spring.mapper.MapperFactoryBean] is not eligible for getting processed by all BeanPostProcessors (for example: not eligible for auto-proxying)
2019-04-15 00:42:04.410  INFO 908 --- [restartedMain] trationDelegate$BeanPostProcessorChecker : Bean 'userMapper' of type [com.sun.proxy.$Proxy75] is not eligible for getting processed by all BeanPostProcessors (for example: not eligible for auto-proxying)
2019-04-15 00:42:04.411  INFO 908 --- [restartedMain] trationDelegate$BeanPostProcessorChecker : Bean 'ILoginserviceImpl' of type [com.example.service.impl.ILoginserviceImpl] is not eligible for getting processed by all BeanPostProcessors (for example: not eligible for auto-proxying)
2019-04-15 00:42:04.412  INFO 908 --- [restartedMain] trationDelegate$BeanPostProcessorChecker : Bean 'myShiroRealm' of type [com.example.shiro.MyShiroRealm] is not eligible for getting processed by all BeanPostProcessors (for example: not eligible for auto-proxying)
2019-04-15 00:42:04.571  INFO 908 --- [restartedMain] trationDelegate$BeanPostProcessorChecker : Bean 'ehCacheManager' of type [org.apache.shiro.cache.ehcache.EhCacheManager] is not eligible for getting processed by all BeanPostProcessors (for example: not eligible for auto-proxying)
2019-04-15 00:42:04.572  INFO 908 --- [restartedMain] o.a.s.c.e.EhCacheManager                 : Cache with name 'com.example.shiro.MyShiroRealm.authorizationCache' does not yet exist.  Creating now.
2019-04-15 00:42:04.584  INFO 908 --- [restartedMain] o.a.s.c.e.EhCacheManager                 : Added EhCache named [com.example.shiro.MyShiroRealm.authorizationCache]
2019-04-15 00:42:04.599  INFO 908 --- [restartedMain] trationDelegate$BeanPostProcessorChecker : Bean 'spring.redis-org.springframework.boot.autoconfigure.data.redis.RedisProperties' of type [org.springframework.boot.autoconfigure.data.redis.RedisProperties] is not eligible for getting processed by all BeanPostProcessors (for example: not eligible for auto-proxying)
2019-04-15 00:42:04.601  INFO 908 --- [restartedMain] trationDelegate$BeanPostProcessorChecker : Bean 'org.springframework.boot.autoconfigure.data.redis.LettuceConnectionConfiguration' of type [org.springframework.boot.autoconfigure.data.redis.LettuceConnectionConfiguration$$EnhancerBySpringCGLIB$$7fa3d10c] is not eligible for getting processed by all BeanPostProcessors (for example: not eligible for auto-proxying)
2019-04-15 00:42:04.709  INFO 908 --- [restartedMain] trationDelegate$BeanPostProcessorChecker : Bean 'lettuceClientResources' of type [io.lettuce.core.resource.DefaultClientResources] is not eligible for getting processed by all BeanPostProcessors (for example: not eligible for auto-proxying)
2019-04-15 00:42:04.785  INFO 908 --- [restartedMain] trationDelegate$BeanPostProcessorChecker : Bean 'redisConnectionFactory' of type [org.springframework.data.redis.connection.lettuce.LettuceConnectionFactory] is not eligible for getting processed by all BeanPostProcessors (for example: not eligible for auto-proxying)
2019-04-15 00:42:04.785  INFO 908 --- [restartedMain] trationDelegate$BeanPostProcessorChecker : Bean 'redisConfig' of type [com.example.redis.RedisConfig$$EnhancerBySpringCGLIB$$121da720] is not eligible for getting processed by all BeanPostProcessors (for example: not eligible for auto-proxying)
2019-04-15 00:42:04.800  INFO 908 --- [restartedMain] trationDelegate$BeanPostProcessorChecker : Bean 'functionDomainRedisTemplate' of type [org.springframework.data.redis.core.RedisTemplate] is not eligible for getting processed by all BeanPostProcessors (for example: not eligible for auto-proxying)
2019-04-15 00:42:04.804  INFO 908 --- [restartedMain] trationDelegate$BeanPostProcessorChecker : Bean 'hashOperations' of type [org.springframework.data.redis.core.DefaultHashOperations] is not eligible for getting processed by all BeanPostProcessors (for example: not eligible for auto-proxying)
2019-04-15 00:42:04.807  INFO 908 --- [restartedMain] trationDelegate$BeanPostProcessorChecker : Bean 'iRedisService' of type [com.example.service.impl.IRedisServiceImpl] is not eligible for getting processed by all BeanPostProcessors (for example: not eligible for auto-proxying)
2019-04-15 00:42:04.809  INFO 908 --- [restartedMain] trationDelegate$BeanPostProcessorChecker : Bean 'sessoinDao' of type [com.example.redis.RedisSessionDao] is not eligible for getting processed by all BeanPostProcessors (for example: not eligible for auto-proxying)
2019-04-15 00:42:04.811  INFO 908 --- [restartedMain] trationDelegate$BeanPostProcessorChecker : Bean 'simpleCookie' of type [org.apache.shiro.web.servlet.SimpleCookie] is not eligible for getting processed by all BeanPostProcessors (for example: not eligible for auto-proxying)
2019-04-15 00:42:04.814  INFO 908 --- [restartedMain] trationDelegate$BeanPostProcessorChecker : Bean 'sessionManager' of type [org.apache.shiro.web.session.mgt.DefaultWebSessionManager] is not eligible for getting processed by all BeanPostProcessors (for example: not eligible for auto-proxying)
2019-04-15 00:42:04.816  INFO 908 --- [restartedMain] trationDelegate$BeanPostProcessorChecker : Bean 'securityManager' of type [org.apache.shiro.web.mgt.DefaultWebSecurityManager] is not eligible for getting processed by all BeanPostProcessors (for example: not eligible for auto-proxying)
2019-04-15 00:42:04.860  INFO 908 --- [restartedMain] trationDelegate$BeanPostProcessorChecker : Bean 'org.springframework.ws.config.annotation.DelegatingWsConfiguration' of type [org.springframework.ws.config.annotation.DelegatingWsConfiguration$$EnhancerBySpringCGLIB$$f21d7c1] is not eligible for getting processed by all BeanPostProcessors (for example: not eligible for auto-proxying)
2019-04-15 00:42:04.871  WARN 908 --- [restartedMain] o.s.x.DocumentBuilderFactoryUtils        : http://javax.xml.XMLConstants/property/accessExternalDTD property not supported by org.apache.xerces.jaxp.DocumentBuilderFactoryImpl
2019-04-15 00:42:04.872  WARN 908 --- [restartedMain] o.s.x.DocumentBuilderFactoryUtils        : http://javax.xml.XMLConstants/property/accessExternalSchema property not supported by org.apache.xerces.jaxp.DocumentBuilderFactoryImpl
2019-04-15 00:42:04.885  INFO 908 --- [restartedMain] .w.s.a.s.AnnotationActionEndpointMapping : Supporting [WS-Addressing August 2004, WS-Addressing 1.0]
2019-04-15 00:42:04.900  INFO 908 --- [restartedMain] trationDelegate$BeanPostProcessorChecker : Bean 'sourceAdvisor' of type [org.apache.shiro.spring.security.interceptor.AuthorizationAttributeSourceAdvisor] is not eligible for getting processed by all BeanPostProcessors (for example: not eligible for auto-proxying)
2019-04-15 00:42:05.023  INFO 908 --- [restartedMain] trationDelegate$BeanPostProcessorChecker : Bean 'org.springframework.transaction.annotation.ProxyTransactionManagementConfiguration' of type [org.springframework.transaction.annotation.ProxyTransactionManagementConfiguration$$EnhancerBySpringCGLIB$$6a8a12c2] is not eligible for getting processed by all BeanPostProcessors (for example: not eligible for auto-proxying)
2019-04-15 00:42:05.665  INFO 908 --- [restartedMain] o.s.b.w.e.t.TomcatWebServer              : Tomcat initialized with port(s): 8888 (http)
2019-04-15 00:42:05.686  INFO 908 --- [restartedMain] o.a.c.c.StandardService                  : Starting service [Tomcat]
2019-04-15 00:42:05.687  INFO 908 --- [restartedMain] o.a.c.c.StandardEngine                   : Starting Servlet engine: [Apache Tomcat/9.0.16]
2019-04-15 00:42:05.694  INFO 908 --- [restartedMain] o.a.c.c.AprLifecycleListener             : An older version [1.2.19] of the APR based Apache Tomcat Native library is installed, while Tomcat recommends a minimum version of [1.2.21]
2019-04-15 00:42:05.695  INFO 908 --- [restartedMain] o.a.c.c.AprLifecycleListener             : Loaded APR based Apache Tomcat Native library [1.2.19] using APR version [1.6.5].
2019-04-15 00:42:05.695  INFO 908 --- [restartedMain] o.a.c.c.AprLifecycleListener             : APR capabilities: IPv6 [true], sendfile [true], accept filters [false], random [true].
2019-04-15 00:42:05.695  INFO 908 --- [restartedMain] o.a.c.c.AprLifecycleListener             : APR/OpenSSL configuration: useAprConnector [false], useOpenSSL [true]
2019-04-15 00:42:05.698  INFO 908 --- [restartedMain] o.a.c.c.AprLifecycleListener             : OpenSSL successfully initialized [OpenSSL 1.1.1a  20 Nov 2018]
2019-04-15 00:42:05.807  INFO 908 --- [restartedMain] o.a.c.c.C.[.[.[/]                        : Initializing Spring embedded WebApplicationContext
2019-04-15 00:42:05.807  INFO 908 --- [restartedMain] o.s.w.c.ContextLoader                    : Root WebApplicationContext: initialization completed in 3025 ms
2019-04-15 00:42:06.245  INFO 908 --- [restartedMain] i.l.c.EpollProvider                      : Starting without optional epoll library
2019-04-15 00:42:06.248  INFO 908 --- [restartedMain] i.l.c.KqueueProvider                     : Starting without optional kqueue library
2019-04-15 00:42:06.802  INFO 908 --- [restartedMain] o.s.s.c.ThreadPoolTaskExecutor           : Initializing ExecutorService 'applicationTaskExecutor'
2019-04-15 00:42:06.964  WARN 908 --- [restartedMain] o.t.t.TemplateMode                       : [THYMELEAF][restartedMain] Template Mode 'LEGACYHTML5' is deprecated. Using Template Mode 'HTML' instead.
2019-04-15 00:42:07.017  INFO 908 --- [restartedMain] o.s.b.a.w.s.WelcomePageHandlerMapping    : Adding welcome page template: index
2019-04-15 00:42:07.910  INFO 908 --- [restartedMain] o.s.b.d.a.OptionalLiveReloadServer       : LiveReload server is running on port 35729
2019-04-15 00:42:08.018  INFO 908 --- [restartedMain] s.a.ScheduledAnnotationBeanPostProcessor : No TaskScheduler/ScheduledExecutorService bean found for scheduled processing
2019-04-15 00:42:08.041  INFO 908 --- [restartedMain] o.s.b.w.e.t.TomcatWebServer              : Tomcat started on port(s): 8888 (http) with context path ''
2019-04-15 00:42:08.045  INFO 908 --- [restartedMain] c.e.d.Demo2Application                   : Started Demo2Application in 6.224 seconds (JVM running for 7.459)
2019-04-15 00:42:34.532  INFO 908 --- [http-nio-8888-exec-2] o.a.c.c.C.[.[.[/]                        : Initializing Spring DispatcherServlet 'dispatcherServlet'
2019-04-15 00:42:34.532  INFO 908 --- [http-nio-8888-exec-2] o.s.w.s.DispatcherServlet                : Initializing Servlet 'dispatcherServlet'
2019-04-15 00:42:34.546  INFO 908 --- [http-nio-8888-exec-2] o.s.w.s.DispatcherServlet                : Completed initialization in 14 ms
2019-04-15 00:42:34.563  INFO 908 --- [http-nio-8888-exec-2] a.s.s.m.AbstractValidatingSessionManager : Enabling session validation scheduler...
2019-04-15 00:42:34.663  INFO 908 --- [http-nio-8888-exec-2] c.z.h.HikariDataSource                   : HikariPool-1 - Starting...
2019-04-15 00:42:34.766  INFO 908 --- [http-nio-8888-exec-2] c.z.h.HikariDataSource                   : HikariPool-1 - Start completed.
2019-04-15 00:42:34.850  INFO 908 --- [http-nio-8888-exec-2] c.e.b.MyLogAction                        : 用户登录方法
2019-04-15 00:42:34.850  INFO 908 --- [http-nio-8888-exec-2] c.e.b.MyLogAction                        : 用户登录模块
2019-04-15 08:31:49.285  INFO 7936 --- [restartedMain] c.e.d.Demo2Application                   : Starting Demo2Application on CEN-GD with PID 7936 (F:\springbootwork\demo2\target\classes started by 10637_000 in F:\springbootwork\demo2)
2019-04-15 08:31:49.295  INFO 7936 --- [restartedMain] c.e.d.Demo2Application                   : The following profiles are active: dev
2019-04-15 08:31:49.350  INFO 7936 --- [restartedMain] .e.DevToolsPropertyDefaultsPostProcessor : Devtools property defaults active! Set 'spring.devtools.add-properties' to 'false' to disable
2019-04-15 08:31:49.351  INFO 7936 --- [restartedMain] .e.DevToolsPropertyDefaultsPostProcessor : For additional web related logging consider setting the 'logging.level.web' property to 'DEBUG'
2019-04-15 08:31:49.997  INFO 7936 --- [restartedMain] .s.d.r.c.RepositoryConfigurationDelegate : Multiple Spring Data modules found, entering strict repository configuration mode!
2019-04-15 08:31:50.000  INFO 7936 --- [restartedMain] .s.d.r.c.RepositoryConfigurationDelegate : Bootstrapping Spring Data repositories in DEFAULT mode.
2019-04-15 08:31:50.022  INFO 7936 --- [restartedMain] .s.d.r.c.RepositoryConfigurationDelegate : Finished Spring Data repository scanning in 10ms. Found 0 repository interfaces.
2019-04-15 08:31:50.312  INFO 7936 --- [restartedMain] trationDelegate$BeanPostProcessorChecker : Bean 'shiroConfiguration' of type [com.example.shiro.ShiroConfiguration$$EnhancerBySpringCGLIB$$b3aded0d] is not eligible for getting processed by all BeanPostProcessors (for example: not eligible for auto-proxying)
2019-04-15 08:31:50.538  INFO 7936 --- [restartedMain] trationDelegate$BeanPostProcessorChecker : Bean 'mybatis-org.mybatis.spring.boot.autoconfigure.MybatisProperties' of type [org.mybatis.spring.boot.autoconfigure.MybatisProperties] is not eligible for getting processed by all BeanPostProcessors (for example: not eligible for auto-proxying)
2019-04-15 08:31:50.545  INFO 7936 --- [restartedMain] trationDelegate$BeanPostProcessorChecker : Bean 'org.mybatis.spring.boot.autoconfigure.MybatisAutoConfiguration' of type [org.mybatis.spring.boot.autoconfigure.MybatisAutoConfiguration$$EnhancerBySpringCGLIB$$e99f42e5] is not eligible for getting processed by all BeanPostProcessors (for example: not eligible for auto-proxying)
2019-04-15 08:31:50.547  INFO 7936 --- [restartedMain] trationDelegate$BeanPostProcessorChecker : Bean 'org.springframework.boot.autoconfigure.jdbc.DataSourceConfiguration$Hikari' of type [org.springframework.boot.autoconfigure.jdbc.DataSourceConfiguration$Hikari] is not eligible for getting processed by all BeanPostProcessors (for example: not eligible for auto-proxying)
2019-04-15 08:31:50.554  INFO 7936 --- [restartedMain] trationDelegate$BeanPostProcessorChecker : Bean 'spring.datasource-org.springframework.boot.autoconfigure.jdbc.DataSourceProperties' of type [org.springframework.boot.autoconfigure.jdbc.DataSourceProperties] is not eligible for getting processed by all BeanPostProcessors (for example: not eligible for auto-proxying)
2019-04-15 08:31:50.572  INFO 7936 --- [restartedMain] trationDelegate$BeanPostProcessorChecker : Bean 'dataSource' of type [com.zaxxer.hikari.HikariDataSource] is not eligible for getting processed by all BeanPostProcessors (for example: not eligible for auto-proxying)
2019-04-15 08:31:50.800  INFO 7936 --- [restartedMain] trationDelegate$BeanPostProcessorChecker : Bean 'sqlSessionFactory' of type [org.apache.ibatis.session.defaults.DefaultSqlSessionFactory] is not eligible for getting processed by all BeanPostProcessors (for example: not eligible for auto-proxying)
2019-04-15 08:31:50.805  INFO 7936 --- [restartedMain] trationDelegate$BeanPostProcessorChecker : Bean 'sqlSessionTemplate' of type [org.mybatis.spring.SqlSessionTemplate] is not eligible for getting processed by all BeanPostProcessors (for example: not eligible for auto-proxying)
2019-04-15 08:31:50.806  INFO 7936 --- [restartedMain] trationDelegate$BeanPostProcessorChecker : Bean 'userMapper' of type [org.mybatis.spring.mapper.MapperFactoryBean] is not eligible for getting processed by all BeanPostProcessors (for example: not eligible for auto-proxying)
2019-04-15 08:31:50.807  INFO 7936 --- [restartedMain] trationDelegate$BeanPostProcessorChecker : Bean 'userMapper' of type [com.sun.proxy.$Proxy75] is not eligible for getting processed by all BeanPostProcessors (for example: not eligible for auto-proxying)
2019-04-15 08:31:50.808  INFO 7936 --- [restartedMain] trationDelegate$BeanPostProcessorChecker : Bean 'ILoginserviceImpl' of type [com.example.service.impl.ILoginserviceImpl] is not eligible for getting processed by all BeanPostProcessors (for example: not eligible for auto-proxying)
2019-04-15 08:31:50.809  INFO 7936 --- [restartedMain] trationDelegate$BeanPostProcessorChecker : Bean 'myShiroRealm' of type [com.example.shiro.MyShiroRealm] is not eligible for getting processed by all BeanPostProcessors (for example: not eligible for auto-proxying)
2019-04-15 08:31:50.954  INFO 7936 --- [restartedMain] trationDelegate$BeanPostProcessorChecker : Bean 'ehCacheManager' of type [org.apache.shiro.cache.ehcache.EhCacheManager] is not eligible for getting processed by all BeanPostProcessors (for example: not eligible for auto-proxying)
2019-04-15 08:31:50.954  INFO 7936 --- [restartedMain] o.a.s.c.e.EhCacheManager                 : Cache with name 'com.example.shiro.MyShiroRealm.authorizationCache' does not yet exist.  Creating now.
2019-04-15 08:31:50.965  INFO 7936 --- [restartedMain] o.a.s.c.e.EhCacheManager                 : Added EhCache named [com.example.shiro.MyShiroRealm.authorizationCache]
2019-04-15 08:31:50.978  INFO 7936 --- [restartedMain] trationDelegate$BeanPostProcessorChecker : Bean 'spring.redis-org.springframework.boot.autoconfigure.data.redis.RedisProperties' of type [org.springframework.boot.autoconfigure.data.redis.RedisProperties] is not eligible for getting processed by all BeanPostProcessors (for example: not eligible for auto-proxying)
2019-04-15 08:31:50.980  INFO 7936 --- [restartedMain] trationDelegate$BeanPostProcessorChecker : Bean 'org.springframework.boot.autoconfigure.data.redis.LettuceConnectionConfiguration' of type [org.springframework.boot.autoconfigure.data.redis.LettuceConnectionConfiguration$$EnhancerBySpringCGLIB$$cbe4afff] is not eligible for getting processed by all BeanPostProcessors (for example: not eligible for auto-proxying)
2019-04-15 08:31:51.069  INFO 7936 --- [restartedMain] trationDelegate$BeanPostProcessorChecker : Bean 'lettuceClientResources' of type [io.lettuce.core.resource.DefaultClientResources] is not eligible for getting processed by all BeanPostProcessors (for example: not eligible for auto-proxying)
2019-04-15 08:31:51.137  INFO 7936 --- [restartedMain] trationDelegate$BeanPostProcessorChecker : Bean 'redisConnectionFactory' of type [org.springframework.data.redis.connection.lettuce.LettuceConnectionFactory] is not eligible for getting processed by all BeanPostProcessors (for example: not eligible for auto-proxying)
2019-04-15 08:31:51.137  INFO 7936 --- [restartedMain] trationDelegate$BeanPostProcessorChecker : Bean 'redisConfig' of type [com.example.redis.RedisConfig$$EnhancerBySpringCGLIB$$5e5e8613] is not eligible for getting processed by all BeanPostProcessors (for example: not eligible for auto-proxying)
2019-04-15 08:31:51.149  INFO 7936 --- [restartedMain] trationDelegate$BeanPostProcessorChecker : Bean 'functionDomainRedisTemplate' of type [org.springframework.data.redis.core.RedisTemplate] is not eligible for getting processed by all BeanPostProcessors (for example: not eligible for auto-proxying)
2019-04-15 08:31:51.153  INFO 7936 --- [restartedMain] trationDelegate$BeanPostProcessorChecker : Bean 'hashOperations' of type [org.springframework.data.redis.core.DefaultHashOperations] is not eligible for getting processed by all BeanPostProcessors (for example: not eligible for auto-proxying)
2019-04-15 08:31:51.155  INFO 7936 --- [restartedMain] trationDelegate$BeanPostProcessorChecker : Bean 'iRedisService' of type [com.example.service.impl.IRedisServiceImpl] is not eligible for getting processed by all BeanPostProcessors (for example: not eligible for auto-proxying)
2019-04-15 08:31:51.156  INFO 7936 --- [restartedMain] trationDelegate$BeanPostProcessorChecker : Bean 'sessoinDao' of type [com.example.redis.RedisSessionDao] is not eligible for getting processed by all BeanPostProcessors (for example: not eligible for auto-proxying)
2019-04-15 08:31:51.158  INFO 7936 --- [restartedMain] trationDelegate$BeanPostProcessorChecker : Bean 'simpleCookie' of type [org.apache.shiro.web.servlet.SimpleCookie] is not eligible for getting processed by all BeanPostProcessors (for example: not eligible for auto-proxying)
2019-04-15 08:31:51.160  INFO 7936 --- [restartedMain] trationDelegate$BeanPostProcessorChecker : Bean 'sessionManager' of type [org.apache.shiro.web.session.mgt.DefaultWebSessionManager] is not eligible for getting processed by all BeanPostProcessors (for example: not eligible for auto-proxying)
2019-04-15 08:31:51.162  INFO 7936 --- [restartedMain] trationDelegate$BeanPostProcessorChecker : Bean 'securityManager' of type [org.apache.shiro.web.mgt.DefaultWebSecurityManager] is not eligible for getting processed by all BeanPostProcessors (for example: not eligible for auto-proxying)
2019-04-15 08:31:51.195  INFO 7936 --- [restartedMain] trationDelegate$BeanPostProcessorChecker : Bean 'org.springframework.ws.config.annotation.DelegatingWsConfiguration' of type [org.springframework.ws.config.annotation.DelegatingWsConfiguration$$EnhancerBySpringCGLIB$$5b62b6b4] is not eligible for getting processed by all BeanPostProcessors (for example: not eligible for auto-proxying)
2019-04-15 08:31:51.204  WARN 7936 --- [restartedMain] o.s.x.DocumentBuilderFactoryUtils        : http://javax.xml.XMLConstants/property/accessExternalDTD property not supported by org.apache.xerces.jaxp.DocumentBuilderFactoryImpl
2019-04-15 08:31:51.205  WARN 7936 --- [restartedMain] o.s.x.DocumentBuilderFactoryUtils        : http://javax.xml.XMLConstants/property/accessExternalSchema property not supported by org.apache.xerces.jaxp.DocumentBuilderFactoryImpl
2019-04-15 08:31:51.215  INFO 7936 --- [restartedMain] .w.s.a.s.AnnotationActionEndpointMapping : Supporting [WS-Addressing August 2004, WS-Addressing 1.0]
2019-04-15 08:31:51.225  INFO 7936 --- [restartedMain] trationDelegate$BeanPostProcessorChecker : Bean 'sourceAdvisor' of type [org.apache.shiro.spring.security.interceptor.AuthorizationAttributeSourceAdvisor] is not eligible for getting processed by all BeanPostProcessors (for example: not eligible for auto-proxying)
2019-04-15 08:31:51.260  INFO 7936 --- [restartedMain] trationDelegate$BeanPostProcessorChecker : Bean 'org.springframework.transaction.annotation.ProxyTransactionManagementConfiguration' of type [org.springframework.transaction.annotation.ProxyTransactionManagementConfiguration$$EnhancerBySpringCGLIB$$b6caf1b5] is not eligible for getting processed by all BeanPostProcessors (for example: not eligible for auto-proxying)
2019-04-15 08:31:51.746  INFO 7936 --- [restartedMain] o.s.b.w.e.t.TomcatWebServer              : Tomcat initialized with port(s): 8888 (http)
2019-04-15 08:31:51.766  INFO 7936 --- [restartedMain] o.a.c.c.StandardService                  : Starting service [Tomcat]
2019-04-15 08:31:51.767  INFO 7936 --- [restartedMain] o.a.c.c.StandardEngine                   : Starting Servlet engine: [Apache Tomcat/9.0.16]
2019-04-15 08:31:51.773  INFO 7936 --- [restartedMain] o.a.c.c.AprLifecycleListener             : An older version [1.2.19] of the APR based Apache Tomcat Native library is installed, while Tomcat recommends a minimum version of [1.2.21]
2019-04-15 08:31:51.773  INFO 7936 --- [restartedMain] o.a.c.c.AprLifecycleListener             : Loaded APR based Apache Tomcat Native library [1.2.19] using APR version [1.6.5].
2019-04-15 08:31:51.774  INFO 7936 --- [restartedMain] o.a.c.c.AprLifecycleListener             : APR capabilities: IPv6 [true], sendfile [true], accept filters [false], random [true].
2019-04-15 08:31:51.774  INFO 7936 --- [restartedMain] o.a.c.c.AprLifecycleListener             : APR/OpenSSL configuration: useAprConnector [false], useOpenSSL [true]
2019-04-15 08:31:51.777  INFO 7936 --- [restartedMain] o.a.c.c.AprLifecycleListener             : OpenSSL successfully initialized [OpenSSL 1.1.1a  20 Nov 2018]
2019-04-15 08:31:51.888  INFO 7936 --- [restartedMain] o.a.c.c.C.[.[.[/]                        : Initializing Spring embedded WebApplicationContext
2019-04-15 08:31:51.888  INFO 7936 --- [restartedMain] o.s.w.c.ContextLoader                    : Root WebApplicationContext: initialization completed in 2537 ms
2019-04-15 08:31:52.234  INFO 7936 --- [restartedMain] i.l.c.EpollProvider                      : Starting without optional epoll library
2019-04-15 08:31:52.235  INFO 7936 --- [restartedMain] i.l.c.KqueueProvider                     : Starting without optional kqueue library
2019-04-15 08:31:52.730  INFO 7936 --- [restartedMain] o.s.s.c.ThreadPoolTaskExecutor           : Initializing ExecutorService 'applicationTaskExecutor'
2019-04-15 08:31:52.885  WARN 7936 --- [restartedMain] o.t.t.TemplateMode                       : [THYMELEAF][restartedMain] Template Mode 'LEGACYHTML5' is deprecated. Using Template Mode 'HTML' instead.
2019-04-15 08:31:52.926  INFO 7936 --- [restartedMain] o.s.b.a.w.s.WelcomePageHandlerMapping    : Adding welcome page template: index
2019-04-15 08:31:53.672  INFO 7936 --- [restartedMain] o.s.b.d.a.OptionalLiveReloadServer       : LiveReload server is running on port 35729
2019-04-15 08:31:53.761  INFO 7936 --- [restartedMain] s.a.ScheduledAnnotationBeanPostProcessor : No TaskScheduler/ScheduledExecutorService bean found for scheduled processing
2019-04-15 08:31:53.781  INFO 7936 --- [restartedMain] o.s.b.w.e.t.TomcatWebServer              : Tomcat started on port(s): 8888 (http) with context path ''
2019-04-15 08:31:53.785  INFO 7936 --- [restartedMain] c.e.d.Demo2Application                   : Started Demo2Application in 5.353 seconds (JVM running for 6.505)
2019-04-15 08:32:27.274  INFO 7936 --- [http-nio-8888-exec-2] o.a.c.c.C.[.[.[/]                        : Initializing Spring DispatcherServlet 'dispatcherServlet'
2019-04-15 08:32:27.274  INFO 7936 --- [http-nio-8888-exec-2] o.s.w.s.DispatcherServlet                : Initializing Servlet 'dispatcherServlet'
2019-04-15 08:32:27.285  INFO 7936 --- [http-nio-8888-exec-2] o.s.w.s.DispatcherServlet                : Completed initialization in 11 ms
2019-04-15 08:32:27.302  INFO 7936 --- [http-nio-8888-exec-2] a.s.s.m.AbstractValidatingSessionManager : Enabling session validation scheduler...
2019-04-15 08:32:27.410  INFO 7936 --- [http-nio-8888-exec-2] c.z.h.HikariDataSource                   : HikariPool-1 - Starting...
2019-04-15 08:32:27.535  INFO 7936 --- [http-nio-8888-exec-2] c.z.h.HikariDataSource                   : HikariPool-1 - Start completed.
2019-04-15 08:32:27.584  INFO 7936 --- [http-nio-8888-exec-2] c.e.b.MyLogAction                        : 用户登录方法
2019-04-15 08:32:27.584  INFO 7936 --- [http-nio-8888-exec-2] c.e.b.MyLogAction                        : 用户登录模块
2019-04-20 09:13:44.513  INFO 2176 --- [restartedMain] c.e.d.Demo2Application                   : Starting Demo2Application on CEN-GD with PID 2176 (F:\springbootwork\demo2\target\classes started by 10637_000 in F:\springbootwork\demo2)
2019-04-20 09:13:44.559  INFO 2176 --- [restartedMain] c.e.d.Demo2Application                   : The following profiles are active: dev
2019-04-20 09:13:44.701  INFO 2176 --- [restartedMain] .e.DevToolsPropertyDefaultsPostProcessor : Devtools property defaults active! Set 'spring.devtools.add-properties' to 'false' to disable
2019-04-20 09:13:44.702  INFO 2176 --- [restartedMain] .e.DevToolsPropertyDefaultsPostProcessor : For additional web related logging consider setting the 'logging.level.web' property to 'DEBUG'
2019-04-20 09:13:46.517  INFO 2176 --- [restartedMain] .s.d.r.c.RepositoryConfigurationDelegate : Multiple Spring Data modules found, entering strict repository configuration mode!
2019-04-20 09:13:46.523  INFO 2176 --- [restartedMain] .s.d.r.c.RepositoryConfigurationDelegate : Bootstrapping Spring Data repositories in DEFAULT mode.
2019-04-20 09:13:46.555  INFO 2176 --- [restartedMain] .s.d.r.c.RepositoryConfigurationDelegate : Finished Spring Data repository scanning in 13ms. Found 0 repository interfaces.
2019-04-20 09:13:47.002  INFO 2176 --- [restartedMain] trationDelegate$BeanPostProcessorChecker : Bean 'shiroConfiguration' of type [com.example.shiro.ShiroConfiguration$$EnhancerBySpringCGLIB$$7b1d62a] is not eligible for getting processed by all BeanPostProcessors (for example: not eligible for auto-proxying)
2019-04-20 09:13:47.336  INFO 2176 --- [restartedMain] trationDelegate$BeanPostProcessorChecker : Bean 'mybatis-org.mybatis.spring.boot.autoconfigure.MybatisProperties' of type [org.mybatis.spring.boot.autoconfigure.MybatisProperties] is not eligible for getting processed by all BeanPostProcessors (for example: not eligible for auto-proxying)
2019-04-20 09:13:47.346  INFO 2176 --- [restartedMain] trationDelegate$BeanPostProcessorChecker : Bean 'org.mybatis.spring.boot.autoconfigure.MybatisAutoConfiguration' of type [org.mybatis.spring.boot.autoconfigure.MybatisAutoConfiguration$$EnhancerBySpringCGLIB$$3da32c02] is not eligible for getting processed by all BeanPostProcessors (for example: not eligible for auto-proxying)
2019-04-20 09:13:47.349  INFO 2176 --- [restartedMain] trationDelegate$BeanPostProcessorChecker : Bean 'org.springframework.boot.autoconfigure.jdbc.DataSourceConfiguration$Hikari' of type [org.springframework.boot.autoconfigure.jdbc.DataSourceConfiguration$Hikari] is not eligible for getting processed by all BeanPostProcessors (for example: not eligible for auto-proxying)
2019-04-20 09:13:47.359  INFO 2176 --- [restartedMain] trationDelegate$BeanPostProcessorChecker : Bean 'spring.datasource-org.springframework.boot.autoconfigure.jdbc.DataSourceProperties' of type [org.springframework.boot.autoconfigure.jdbc.DataSourceProperties] is not eligible for getting processed by all BeanPostProcessors (for example: not eligible for auto-proxying)
2019-04-20 09:13:47.379  INFO 2176 --- [restartedMain] trationDelegate$BeanPostProcessorChecker : Bean 'dataSource' of type [com.zaxxer.hikari.HikariDataSource] is not eligible for getting processed by all BeanPostProcessors (for example: not eligible for auto-proxying)
2019-04-20 09:13:47.798  INFO 2176 --- [restartedMain] trationDelegate$BeanPostProcessorChecker : Bean 'sqlSessionFactory' of type [org.apache.ibatis.session.defaults.DefaultSqlSessionFactory] is not eligible for getting processed by all BeanPostProcessors (for example: not eligible for auto-proxying)
2019-04-20 09:13:47.803  INFO 2176 --- [restartedMain] trationDelegate$BeanPostProcessorChecker : Bean 'sqlSessionTemplate' of type [org.mybatis.spring.SqlSessionTemplate] is not eligible for getting processed by all BeanPostProcessors (for example: not eligible for auto-proxying)
2019-04-20 09:13:47.804  INFO 2176 --- [restartedMain] trationDelegate$BeanPostProcessorChecker : Bean 'userMapper' of type [org.mybatis.spring.mapper.MapperFactoryBean] is not eligible for getting processed by all BeanPostProcessors (for example: not eligible for auto-proxying)
2019-04-20 09:13:47.805  INFO 2176 --- [restartedMain] trationDelegate$BeanPostProcessorChecker : Bean 'userMapper' of type [com.sun.proxy.$Proxy75] is not eligible for getting processed by all BeanPostProcessors (for example: not eligible for auto-proxying)
2019-04-20 09:13:47.807  INFO 2176 --- [restartedMain] trationDelegate$BeanPostProcessorChecker : Bean 'ILoginserviceImpl' of type [com.example.service.impl.ILoginserviceImpl] is not eligible for getting processed by all BeanPostProcessors (for example: not eligible for auto-proxying)
2019-04-20 09:13:47.808  INFO 2176 --- [restartedMain] trationDelegate$BeanPostProcessorChecker : Bean 'myShiroRealm' of type [com.example.shiro.MyShiroRealm] is not eligible for getting processed by all BeanPostProcessors (for example: not eligible for auto-proxying)
2019-04-20 09:13:48.055  INFO 2176 --- [restartedMain] trationDelegate$BeanPostProcessorChecker : Bean 'ehCacheManager' of type [org.apache.shiro.cache.ehcache.EhCacheManager] is not eligible for getting processed by all BeanPostProcessors (for example: not eligible for auto-proxying)
2019-04-20 09:13:48.055  INFO 2176 --- [restartedMain] o.a.s.c.e.EhCacheManager                 : Cache with name 'com.example.shiro.MyShiroRealm.authorizationCache' does not yet exist.  Creating now.
2019-04-20 09:13:48.069  INFO 2176 --- [restartedMain] o.a.s.c.e.EhCacheManager                 : Added EhCache named [com.example.shiro.MyShiroRealm.authorizationCache]
2019-04-20 09:13:48.085  INFO 2176 --- [restartedMain] trationDelegate$BeanPostProcessorChecker : Bean 'spring.redis-org.springframework.boot.autoconfigure.data.redis.RedisProperties' of type [org.springframework.boot.autoconfigure.data.redis.RedisProperties] is not eligible for getting processed by all BeanPostProcessors (for example: not eligible for auto-proxying)
2019-04-20 09:13:48.087  INFO 2176 --- [restartedMain] trationDelegate$BeanPostProcessorChecker : Bean 'org.springframework.boot.autoconfigure.data.redis.LettuceConnectionConfiguration' of type [org.springframework.boot.autoconfigure.data.redis.LettuceConnectionConfiguration$$EnhancerBySpringCGLIB$$1fe8991c] is not eligible for getting processed by all BeanPostProcessors (for example: not eligible for auto-proxying)
2019-04-20 09:13:48.209  INFO 2176 --- [restartedMain] trationDelegate$BeanPostProcessorChecker : Bean 'lettuceClientResources' of type [io.lettuce.core.resource.DefaultClientResources] is not eligible for getting processed by all BeanPostProcessors (for example: not eligible for auto-proxying)
2019-04-20 09:13:48.347  INFO 2176 --- [restartedMain] trationDelegate$BeanPostProcessorChecker : Bean 'redisConnectionFactory' of type [org.springframework.data.redis.connection.lettuce.LettuceConnectionFactory] is not eligible for getting processed by all BeanPostProcessors (for example: not eligible for auto-proxying)
2019-04-20 09:13:48.347  INFO 2176 --- [restartedMain] trationDelegate$BeanPostProcessorChecker : Bean 'redisConfig' of type [com.example.redis.RedisConfig$$EnhancerBySpringCGLIB$$b2626f30] is not eligible for getting processed by all BeanPostProcessors (for example: not eligible for auto-proxying)
2019-04-20 09:13:48.363  INFO 2176 --- [restartedMain] trationDelegate$BeanPostProcessorChecker : Bean 'functionDomainRedisTemplate' of type [org.springframework.data.redis.core.RedisTemplate] is not eligible for getting processed by all BeanPostProcessors (for example: not eligible for auto-proxying)
2019-04-20 09:13:48.368  INFO 2176 --- [restartedMain] trationDelegate$BeanPostProcessorChecker : Bean 'hashOperations' of type [org.springframework.data.redis.core.DefaultHashOperations] is not eligible for getting processed by all BeanPostProcessors (for example: not eligible for auto-proxying)
2019-04-20 09:13:48.371  INFO 2176 --- [restartedMain] trationDelegate$BeanPostProcessorChecker : Bean 'iRedisService' of type [com.example.service.impl.IRedisServiceImpl] is not eligible for getting processed by all BeanPostProcessors (for example: not eligible for auto-proxying)
2019-04-20 09:13:48.372  INFO 2176 --- [restartedMain] trationDelegate$BeanPostProcessorChecker : Bean 'sessoinDao' of type [com.example.redis.RedisSessionDao] is not eligible for getting processed by all BeanPostProcessors (for example: not eligible for auto-proxying)
2019-04-20 09:13:48.375  INFO 2176 --- [restartedMain] trationDelegate$BeanPostProcessorChecker : Bean 'simpleCookie' of type [org.apache.shiro.web.servlet.SimpleCookie] is not eligible for getting processed by all BeanPostProcessors (for example: not eligible for auto-proxying)
2019-04-20 09:13:48.377  INFO 2176 --- [restartedMain] trationDelegate$BeanPostProcessorChecker : Bean 'sessionManager' of type [org.apache.shiro.web.session.mgt.DefaultWebSessionManager] is not eligible for getting processed by all BeanPostProcessors (for example: not eligible for auto-proxying)
2019-04-20 09:13:48.379  INFO 2176 --- [restartedMain] trationDelegate$BeanPostProcessorChecker : Bean 'securityManager' of type [org.apache.shiro.web.mgt.DefaultWebSecurityManager] is not eligible for getting processed by all BeanPostProcessors (for example: not eligible for auto-proxying)
2019-04-20 09:13:48.413  INFO 2176 --- [restartedMain] trationDelegate$BeanPostProcessorChecker : Bean 'org.springframework.ws.config.annotation.DelegatingWsConfiguration' of type [org.springframework.ws.config.annotation.DelegatingWsConfiguration$$EnhancerBySpringCGLIB$$af669fd1] is not eligible for getting processed by all BeanPostProcessors (for example: not eligible for auto-proxying)
2019-04-20 09:13:48.436  WARN 2176 --- [restartedMain] o.s.x.DocumentBuilderFactoryUtils        : http://javax.xml.XMLConstants/property/accessExternalDTD property not supported by org.apache.xerces.jaxp.DocumentBuilderFactoryImpl
2019-04-20 09:13:48.437  WARN 2176 --- [restartedMain] o.s.x.DocumentBuilderFactoryUtils        : http://javax.xml.XMLConstants/property/accessExternalSchema property not supported by org.apache.xerces.jaxp.DocumentBuilderFactoryImpl
2019-04-20 09:13:48.451  INFO 2176 --- [restartedMain] .w.s.a.s.AnnotationActionEndpointMapping : Supporting [WS-Addressing August 2004, WS-Addressing 1.0]
2019-04-20 09:13:48.461  INFO 2176 --- [restartedMain] trationDelegate$BeanPostProcessorChecker : Bean 'sourceAdvisor' of type [org.apache.shiro.spring.security.interceptor.AuthorizationAttributeSourceAdvisor] is not eligible for getting processed by all BeanPostProcessors (for example: not eligible for auto-proxying)
2019-04-20 09:13:48.503  INFO 2176 --- [restartedMain] trationDelegate$BeanPostProcessorChecker : Bean 'org.springframework.transaction.annotation.ProxyTransactionManagementConfiguration' of type [org.springframework.transaction.annotation.ProxyTransactionManagementConfiguration$$EnhancerBySpringCGLIB$$acedad2] is not eligible for getting processed by all BeanPostProcessors (for example: not eligible for auto-proxying)
2019-04-20 09:13:49.247  INFO 2176 --- [restartedMain] o.s.b.w.e.t.TomcatWebServer              : Tomcat initialized with port(s): 8888 (http)
2019-04-20 09:13:49.291  INFO 2176 --- [restartedMain] o.a.c.c.StandardService                  : Starting service [Tomcat]
2019-04-20 09:13:49.291  INFO 2176 --- [restartedMain] o.a.c.c.StandardEngine                   : Starting Servlet engine: [Apache Tomcat/9.0.16]
2019-04-20 09:13:49.306  INFO 2176 --- [restartedMain] o.a.c.c.AprLifecycleListener             : An older version [1.2.19] of the APR based Apache Tomcat Native library is installed, while Tomcat recommends a minimum version of [1.2.21]
2019-04-20 09:13:49.306  INFO 2176 --- [restartedMain] o.a.c.c.AprLifecycleListener             : Loaded APR based Apache Tomcat Native library [1.2.19] using APR version [1.6.5].
2019-04-20 09:13:49.306  INFO 2176 --- [restartedMain] o.a.c.c.AprLifecycleListener             : APR capabilities: IPv6 [true], sendfile [true], accept filters [false], random [true].
2019-04-20 09:13:49.307  INFO 2176 --- [restartedMain] o.a.c.c.AprLifecycleListener             : APR/OpenSSL configuration: useAprConnector [false], useOpenSSL [true]
2019-04-20 09:13:49.315  INFO 2176 --- [restartedMain] o.a.c.c.AprLifecycleListener             : OpenSSL successfully initialized [OpenSSL 1.1.1a  20 Nov 2018]
2019-04-20 09:13:49.443  INFO 2176 --- [restartedMain] o.a.c.c.C.[.[.[/]                        : Initializing Spring embedded WebApplicationContext
2019-04-20 09:13:49.443  INFO 2176 --- [restartedMain] o.s.w.c.ContextLoader                    : Root WebApplicationContext: initialization completed in 4741 ms
2019-04-20 09:13:49.999  INFO 2176 --- [restartedMain] i.l.c.EpollProvider                      : Starting without optional epoll library
2019-04-20 09:13:50.001  INFO 2176 --- [restartedMain] i.l.c.KqueueProvider                     : Starting without optional kqueue library
2019-04-20 09:13:51.188  WARN 2176 --- [restartedMain] ConfigServletWebServerApplicationContext : Exception encountered during context initialization - cancelling refresh attempt: org.springframework.beans.factory.BeanCreationException: Error creating bean with name 'enableRedisKeyspaceNotificationsInitializer' defined in org.springframework.session.data.redis.config.annotation.web.http.RedisHttpSessionConfiguration: Invocation of init method failed; nested exception is org.springframework.data.redis.RedisConnectionFailureException: Unable to connect to Redis; nested exception is io.lettuce.core.RedisConnectionException: Unable to connect to 127.0.0.1:6379
2019-04-20 09:13:52.382  INFO 2176 --- [restartedMain] o.a.c.c.StandardService                  : Stopping service [Tomcat]
2019-04-20 09:13:52.461  INFO 2176 --- [restartedMain] ConditionEvaluationReportLoggingListener : 

Error starting ApplicationContext. To display the conditions report re-run your application with 'debug' enabled.
2019-04-20 09:13:52.480 ERROR 2176 --- [restartedMain] o.s.b.SpringApplication                  : Application run failed

org.springframework.beans.factory.BeanCreationException: Error creating bean with name 'enableRedisKeyspaceNotificationsInitializer' defined in org.springframework.session.data.redis.config.annotation.web.http.RedisHttpSessionConfiguration: Invocation of init method failed; nested exception is org.springframework.data.redis.RedisConnectionFailureException: Unable to connect to Redis; nested exception is io.lettuce.core.RedisConnectionException: Unable to connect to 127.0.0.1:6379
	at org.springframework.beans.factory.support.AbstractAutowireCapableBeanFactory.initializeBean(AbstractAutowireCapableBeanFactory.java:1762) ~[spring-beans-5.1.5.RELEASE.jar:5.1.5.RELEASE]
	at org.springframework.beans.factory.support.AbstractAutowireCapableBeanFactory.doCreateBean(AbstractAutowireCapableBeanFactory.java:593) ~[spring-beans-5.1.5.RELEASE.jar:5.1.5.RELEASE]
	at org.springframework.beans.factory.support.AbstractAutowireCapableBeanFactory.createBean(AbstractAutowireCapableBeanFactory.java:515) ~[spring-beans-5.1.5.RELEASE.jar:5.1.5.RELEASE]
	at org.springframework.beans.factory.support.AbstractBeanFactory.lambda$doGetBean$0(AbstractBeanFactory.java:320) ~[spring-beans-5.1.5.RELEASE.jar:5.1.5.RELEASE]
	at org.springframework.beans.factory.support.DefaultSingletonBeanRegistry.getSingleton(DefaultSingletonBeanRegistry.java:222) ~[spring-beans-5.1.5.RELEASE.jar:5.1.5.RELEASE]
	at org.springframework.beans.factory.support.AbstractBeanFactory.doGetBean(AbstractBeanFactory.java:318) ~[spring-beans-5.1.5.RELEASE.jar:5.1.5.RELEASE]
	at org.springframework.beans.factory.support.AbstractBeanFactory.getBean(AbstractBeanFactory.java:199) ~[spring-beans-5.1.5.RELEASE.jar:5.1.5.RELEASE]
	at org.springframework.beans.factory.support.DefaultListableBeanFactory.preInstantiateSingletons(DefaultListableBeanFactory.java:849) ~[spring-beans-5.1.5.RELEASE.jar:5.1.5.RELEASE]
	at org.springframework.context.support.AbstractApplicationContext.finishBeanFactoryInitialization(AbstractApplicationContext.java:877) ~[spring-context-5.1.5.RELEASE.jar:5.1.5.RELEASE]
	at org.springframework.context.support.AbstractApplicationContext.refresh(AbstractApplicationContext.java:549) ~[spring-context-5.1.5.RELEASE.jar:5.1.5.RELEASE]
	at org.springframework.boot.web.servlet.context.ServletWebServerApplicationContext.refresh(ServletWebServerApplicationContext.java:142) ~[spring-boot-2.1.3.RELEASE.jar:2.1.3.RELEASE]
	at org.springframework.boot.SpringApplication.refresh(SpringApplication.java:775) [spring-boot-2.1.3.RELEASE.jar:2.1.3.RELEASE]
	at org.springframework.boot.SpringApplication.refreshContext(SpringApplication.java:397) [spring-boot-2.1.3.RELEASE.jar:2.1.3.RELEASE]
	at org.springframework.boot.SpringApplication.run(SpringApplication.java:316) [spring-boot-2.1.3.RELEASE.jar:2.1.3.RELEASE]
	at org.springframework.boot.SpringApplication.run(SpringApplication.java:1260) [spring-boot-2.1.3.RELEASE.jar:2.1.3.RELEASE]
	at org.springframework.boot.SpringApplication.run(SpringApplication.java:1248) [spring-boot-2.1.3.RELEASE.jar:2.1.3.RELEASE]
	at com.example.demo2.Demo2Application.main(Demo2Application.java:17) [classes/:?]
	at sun.reflect.NativeMethodAccessorImpl.invoke0(Native Method) ~[?:1.8.0_202]
	at sun.reflect.NativeMethodAccessorImpl.invoke(NativeMethodAccessorImpl.java:62) ~[?:1.8.0_202]
	at sun.reflect.DelegatingMethodAccessorImpl.invoke(DelegatingMethodAccessorImpl.java:43) ~[?:1.8.0_202]
	at java.lang.reflect.Method.invoke(Method.java:498) ~[?:1.8.0_202]
	at org.springframework.boot.devtools.restart.RestartLauncher.run(RestartLauncher.java:49) [spring-boot-devtools-2.1.3.RELEASE.jar:2.1.3.RELEASE]
Caused by: org.springframework.data.redis.RedisConnectionFailureException: Unable to connect to Redis; nested exception is io.lettuce.core.RedisConnectionException: Unable to connect to 127.0.0.1:6379
	at org.springframework.data.redis.connection.lettuce.LettuceConnectionFactory$SharedConnection.getNativeConnection(LettuceConnectionFactory.java:1092) ~[spring-data-redis-2.1.5.RELEASE.jar:2.1.5.RELEASE]
	at org.springframework.data.redis.connection.lettuce.LettuceConnectionFactory$SharedConnection.getConnection(LettuceConnectionFactory.java:1065) ~[spring-data-redis-2.1.5.RELEASE.jar:2.1.5.RELEASE]
	at org.springframework.data.redis.connection.lettuce.LettuceConnectionFactory.getSharedConnection(LettuceConnectionFactory.java:865) ~[spring-data-redis-2.1.5.RELEASE.jar:2.1.5.RELEASE]
	at org.springframework.data.redis.connection.lettuce.LettuceConnectionFactory.getConnection(LettuceConnectionFactory.java:340) ~[spring-data-redis-2.1.5.RELEASE.jar:2.1.5.RELEASE]
	at org.springframework.session.data.redis.config.annotation.web.http.RedisHttpSessionConfiguration$EnableRedisKeyspaceNotificationsInitializer.afterPropertiesSet(RedisHttpSessionConfiguration.java:284) ~[spring-session-data-redis-2.0.6.RELEASE.jar:2.0.6.RELEASE]
	at org.springframework.beans.factory.support.AbstractAutowireCapableBeanFactory.invokeInitMethods(AbstractAutowireCapableBeanFactory.java:1821) ~[spring-beans-5.1.5.RELEASE.jar:5.1.5.RELEASE]
	at org.springframework.beans.factory.support.AbstractAutowireCapableBeanFactory.initializeBean(AbstractAutowireCapableBeanFactory.java:1758) ~[spring-beans-5.1.5.RELEASE.jar:5.1.5.RELEASE]
	... 21 more
Caused by: io.lettuce.core.RedisConnectionException: Unable to connect to 127.0.0.1:6379
	at io.lettuce.core.RedisConnectionException.create(RedisConnectionException.java:78) ~[lettuce-core-5.1.4.RELEASE.jar:?]
	at io.lettuce.core.RedisConnectionException.create(RedisConnectionException.java:56) ~[lettuce-core-5.1.4.RELEASE.jar:?]
	at io.lettuce.core.AbstractRedisClient.getConnection(AbstractRedisClient.java:234) ~[lettuce-core-5.1.4.RELEASE.jar:?]
	at io.lettuce.core.RedisClient.connect(RedisClient.java:204) ~[lettuce-core-5.1.4.RELEASE.jar:?]
	at org.springframework.data.redis.connection.lettuce.StandaloneConnectionProvider.lambda$getConnection$1(StandaloneConnectionProvider.java:113) ~[spring-data-redis-2.1.5.RELEASE.jar:2.1.5.RELEASE]
	at java.util.Optional.orElseGet(Optional.java:267) ~[?:1.8.0_202]
	at org.springframework.data.redis.connection.lettuce.StandaloneConnectionProvider.getConnection(StandaloneConnectionProvider.java:113) ~[spring-data-redis-2.1.5.RELEASE.jar:2.1.5.RELEASE]
	at org.springframework.data.redis.connection.lettuce.LettuceConnectionFactory$SharedConnection.getNativeConnection(LettuceConnectionFactory.java:1085) ~[spring-data-redis-2.1.5.RELEASE.jar:2.1.5.RELEASE]
	at org.springframework.data.redis.connection.lettuce.LettuceConnectionFactory$SharedConnection.getConnection(LettuceConnectionFactory.java:1065) ~[spring-data-redis-2.1.5.RELEASE.jar:2.1.5.RELEASE]
	at org.springframework.data.redis.connection.lettuce.LettuceConnectionFactory.getSharedConnection(LettuceConnectionFactory.java:865) ~[spring-data-redis-2.1.5.RELEASE.jar:2.1.5.RELEASE]
	at org.springframework.data.redis.connection.lettuce.LettuceConnectionFactory.getConnection(LettuceConnectionFactory.java:340) ~[spring-data-redis-2.1.5.RELEASE.jar:2.1.5.RELEASE]
	at org.springframework.session.data.redis.config.annotation.web.http.RedisHttpSessionConfiguration$EnableRedisKeyspaceNotificationsInitializer.afterPropertiesSet(RedisHttpSessionConfiguration.java:284) ~[spring-session-data-redis-2.0.6.RELEASE.jar:2.0.6.RELEASE]
	at org.springframework.beans.factory.support.AbstractAutowireCapableBeanFactory.invokeInitMethods(AbstractAutowireCapableBeanFactory.java:1821) ~[spring-beans-5.1.5.RELEASE.jar:5.1.5.RELEASE]
	at org.springframework.beans.factory.support.AbstractAutowireCapableBeanFactory.initializeBean(AbstractAutowireCapableBeanFactory.java:1758) ~[spring-beans-5.1.5.RELEASE.jar:5.1.5.RELEASE]
	... 21 more
Caused by: io.netty.channel.AbstractChannel$AnnotatedConnectException: Connection refused: no further information: /127.0.0.1:6379
	at sun.nio.ch.SocketChannelImpl.checkConnect(Native Method) ~[?:1.8.0_202]
	at sun.nio.ch.SocketChannelImpl.finishConnect(SocketChannelImpl.java:717) ~[?:1.8.0_202]
	at io.netty.channel.socket.nio.NioSocketChannel.doFinishConnect(NioSocketChannel.java:327) ~[netty-transport-4.1.33.Final.jar:4.1.33.Final]
	at io.netty.channel.nio.AbstractNioChannel$AbstractNioUnsafe.finishConnect(AbstractNioChannel.java:340) ~[netty-transport-4.1.33.Final.jar:4.1.33.Final]
	at io.netty.channel.nio.NioEventLoop.processSelectedKey(NioEventLoop.java:665) ~[netty-transport-4.1.33.Final.jar:4.1.33.Final]
	at io.netty.channel.nio.NioEventLoop.processSelectedKeysOptimized(NioEventLoop.java:612) ~[netty-transport-4.1.33.Final.jar:4.1.33.Final]
	at io.netty.channel.nio.NioEventLoop.processSelectedKeys(NioEventLoop.java:529) ~[netty-transport-4.1.33.Final.jar:4.1.33.Final]
	at io.netty.channel.nio.NioEventLoop.run(NioEventLoop.java:491) ~[netty-transport-4.1.33.Final.jar:4.1.33.Final]
	at io.netty.util.concurrent.SingleThreadEventExecutor$5.run(SingleThreadEventExecutor.java:905) ~[netty-common-4.1.33.Final.jar:4.1.33.Final]
	at io.netty.util.concurrent.FastThreadLocalRunnable.run(FastThreadLocalRunnable.java:30) ~[netty-common-4.1.33.Final.jar:4.1.33.Final]
	at java.lang.Thread.run(Thread.java:748) ~[?:1.8.0_202]
Caused by: java.net.ConnectException: Connection refused: no further information
	at sun.nio.ch.SocketChannelImpl.checkConnect(Native Method) ~[?:1.8.0_202]
	at sun.nio.ch.SocketChannelImpl.finishConnect(SocketChannelImpl.java:717) ~[?:1.8.0_202]
	at io.netty.channel.socket.nio.NioSocketChannel.doFinishConnect(NioSocketChannel.java:327) ~[netty-transport-4.1.33.Final.jar:4.1.33.Final]
	at io.netty.channel.nio.AbstractNioChannel$AbstractNioUnsafe.finishConnect(AbstractNioChannel.java:340) ~[netty-transport-4.1.33.Final.jar:4.1.33.Final]
	at io.netty.channel.nio.NioEventLoop.processSelectedKey(NioEventLoop.java:665) ~[netty-transport-4.1.33.Final.jar:4.1.33.Final]
	at io.netty.channel.nio.NioEventLoop.processSelectedKeysOptimized(NioEventLoop.java:612) ~[netty-transport-4.1.33.Final.jar:4.1.33.Final]
	at io.netty.channel.nio.NioEventLoop.processSelectedKeys(NioEventLoop.java:529) ~[netty-transport-4.1.33.Final.jar:4.1.33.Final]
	at io.netty.channel.nio.NioEventLoop.run(NioEventLoop.java:491) ~[netty-transport-4.1.33.Final.jar:4.1.33.Final]
	at io.netty.util.concurrent.SingleThreadEventExecutor$5.run(SingleThreadEventExecutor.java:905) ~[netty-common-4.1.33.Final.jar:4.1.33.Final]
	at io.netty.util.concurrent.FastThreadLocalRunnable.run(FastThreadLocalRunnable.java:30) ~[netty-common-4.1.33.Final.jar:4.1.33.Final]
	at java.lang.Thread.run(Thread.java:748) ~[?:1.8.0_202]

2019-04-20 09:14:45.088  INFO 836 --- [restartedMain] c.e.d.Demo2Application                   : Starting Demo2Application on CEN-GD with PID 836 (F:\springbootwork\demo2\target\classes started by 10637_000 in F:\springbootwork\demo2)
2019-04-20 09:14:45.096  INFO 836 --- [restartedMain] c.e.d.Demo2Application                   : The following profiles are active: dev
2019-04-20 09:14:45.142  INFO 836 --- [restartedMain] .e.DevToolsPropertyDefaultsPostProcessor : Devtools property defaults active! Set 'spring.devtools.add-properties' to 'false' to disable
2019-04-20 09:14:45.142  INFO 836 --- [restartedMain] .e.DevToolsPropertyDefaultsPostProcessor : For additional web related logging consider setting the 'logging.level.web' property to 'DEBUG'
2019-04-20 09:14:45.872  INFO 836 --- [restartedMain] .s.d.r.c.RepositoryConfigurationDelegate : Multiple Spring Data modules found, entering strict repository configuration mode!
2019-04-20 09:14:45.876  INFO 836 --- [restartedMain] .s.d.r.c.RepositoryConfigurationDelegate : Bootstrapping Spring Data repositories in DEFAULT mode.
2019-04-20 09:14:45.899  INFO 836 --- [restartedMain] .s.d.r.c.RepositoryConfigurationDelegate : Finished Spring Data repository scanning in 11ms. Found 0 repository interfaces.
2019-04-20 09:14:46.212  INFO 836 --- [restartedMain] trationDelegate$BeanPostProcessorChecker : Bean 'shiroConfiguration' of type [com.example.shiro.ShiroConfiguration$$EnhancerBySpringCGLIB$$95f44224] is not eligible for getting processed by all BeanPostProcessors (for example: not eligible for auto-proxying)
2019-04-20 09:14:46.454  INFO 836 --- [restartedMain] trationDelegate$BeanPostProcessorChecker : Bean 'mybatis-org.mybatis.spring.boot.autoconfigure.MybatisProperties' of type [org.mybatis.spring.boot.autoconfigure.MybatisProperties] is not eligible for getting processed by all BeanPostProcessors (for example: not eligible for auto-proxying)
2019-04-20 09:14:46.462  INFO 836 --- [restartedMain] trationDelegate$BeanPostProcessorChecker : Bean 'org.mybatis.spring.boot.autoconfigure.MybatisAutoConfiguration' of type [org.mybatis.spring.boot.autoconfigure.MybatisAutoConfiguration$$EnhancerBySpringCGLIB$$cbe597fc] is not eligible for getting processed by all BeanPostProcessors (for example: not eligible for auto-proxying)
2019-04-20 09:14:46.464  INFO 836 --- [restartedMain] trationDelegate$BeanPostProcessorChecker : Bean 'org.springframework.boot.autoconfigure.jdbc.DataSourceConfiguration$Hikari' of type [org.springframework.boot.autoconfigure.jdbc.DataSourceConfiguration$Hikari] is not eligible for getting processed by all BeanPostProcessors (for example: not eligible for auto-proxying)
2019-04-20 09:14:46.472  INFO 836 --- [restartedMain] trationDelegate$BeanPostProcessorChecker : Bean 'spring.datasource-org.springframework.boot.autoconfigure.jdbc.DataSourceProperties' of type [org.springframework.boot.autoconfigure.jdbc.DataSourceProperties] is not eligible for getting processed by all BeanPostProcessors (for example: not eligible for auto-proxying)
2019-04-20 09:14:46.491  INFO 836 --- [restartedMain] trationDelegate$BeanPostProcessorChecker : Bean 'dataSource' of type [com.zaxxer.hikari.HikariDataSource] is not eligible for getting processed by all BeanPostProcessors (for example: not eligible for auto-proxying)
2019-04-20 09:14:46.723  INFO 836 --- [restartedMain] trationDelegate$BeanPostProcessorChecker : Bean 'sqlSessionFactory' of type [org.apache.ibatis.session.defaults.DefaultSqlSessionFactory] is not eligible for getting processed by all BeanPostProcessors (for example: not eligible for auto-proxying)
2019-04-20 09:14:46.728  INFO 836 --- [restartedMain] trationDelegate$BeanPostProcessorChecker : Bean 'sqlSessionTemplate' of type [org.mybatis.spring.SqlSessionTemplate] is not eligible for getting processed by all BeanPostProcessors (for example: not eligible for auto-proxying)
2019-04-20 09:14:46.729  INFO 836 --- [restartedMain] trationDelegate$BeanPostProcessorChecker : Bean 'userMapper' of type [org.mybatis.spring.mapper.MapperFactoryBean] is not eligible for getting processed by all BeanPostProcessors (for example: not eligible for auto-proxying)
2019-04-20 09:14:46.730  INFO 836 --- [restartedMain] trationDelegate$BeanPostProcessorChecker : Bean 'userMapper' of type [com.sun.proxy.$Proxy75] is not eligible for getting processed by all BeanPostProcessors (for example: not eligible for auto-proxying)
2019-04-20 09:14:46.732  INFO 836 --- [restartedMain] trationDelegate$BeanPostProcessorChecker : Bean 'ILoginserviceImpl' of type [com.example.service.impl.ILoginserviceImpl] is not eligible for getting processed by all BeanPostProcessors (for example: not eligible for auto-proxying)
2019-04-20 09:14:46.733  INFO 836 --- [restartedMain] trationDelegate$BeanPostProcessorChecker : Bean 'myShiroRealm' of type [com.example.shiro.MyShiroRealm] is not eligible for getting processed by all BeanPostProcessors (for example: not eligible for auto-proxying)
2019-04-20 09:14:46.886  INFO 836 --- [restartedMain] trationDelegate$BeanPostProcessorChecker : Bean 'ehCacheManager' of type [org.apache.shiro.cache.ehcache.EhCacheManager] is not eligible for getting processed by all BeanPostProcessors (for example: not eligible for auto-proxying)
2019-04-20 09:14:46.886  INFO 836 --- [restartedMain] o.a.s.c.e.EhCacheManager                 : Cache with name 'com.example.shiro.MyShiroRealm.authorizationCache' does not yet exist.  Creating now.
2019-04-20 09:14:46.904  INFO 836 --- [restartedMain] o.a.s.c.e.EhCacheManager                 : Added EhCache named [com.example.shiro.MyShiroRealm.authorizationCache]
2019-04-20 09:14:46.923  INFO 836 --- [restartedMain] trationDelegate$BeanPostProcessorChecker : Bean 'spring.redis-org.springframework.boot.autoconfigure.data.redis.RedisProperties' of type [org.springframework.boot.autoconfigure.data.redis.RedisProperties] is not eligible for getting processed by all BeanPostProcessors (for example: not eligible for auto-proxying)
2019-04-20 09:14:46.930  INFO 836 --- [restartedMain] trationDelegate$BeanPostProcessorChecker : Bean 'org.springframework.boot.autoconfigure.data.redis.LettuceConnectionConfiguration' of type [org.springframework.boot.autoconfigure.data.redis.LettuceConnectionConfiguration$$EnhancerBySpringCGLIB$$ae2b0516] is not eligible for getting processed by all BeanPostProcessors (for example: not eligible for auto-proxying)
2019-04-20 09:14:47.074  INFO 836 --- [restartedMain] trationDelegate$BeanPostProcessorChecker : Bean 'lettuceClientResources' of type [io.lettuce.core.resource.DefaultClientResources] is not eligible for getting processed by all BeanPostProcessors (for example: not eligible for auto-proxying)
2019-04-20 09:14:47.162  INFO 836 --- [restartedMain] trationDelegate$BeanPostProcessorChecker : Bean 'redisConnectionFactory' of type [org.springframework.data.redis.connection.lettuce.LettuceConnectionFactory] is not eligible for getting processed by all BeanPostProcessors (for example: not eligible for auto-proxying)
2019-04-20 09:14:47.163  INFO 836 --- [restartedMain] trationDelegate$BeanPostProcessorChecker : Bean 'redisConfig' of type [com.example.redis.RedisConfig$$EnhancerBySpringCGLIB$$40a4db2a] is not eligible for getting processed by all BeanPostProcessors (for example: not eligible for auto-proxying)
2019-04-20 09:14:47.178  INFO 836 --- [restartedMain] trationDelegate$BeanPostProcessorChecker : Bean 'functionDomainRedisTemplate' of type [org.springframework.data.redis.core.RedisTemplate] is not eligible for getting processed by all BeanPostProcessors (for example: not eligible for auto-proxying)
2019-04-20 09:14:47.182  INFO 836 --- [restartedMain] trationDelegate$BeanPostProcessorChecker : Bean 'hashOperations' of type [org.springframework.data.redis.core.DefaultHashOperations] is not eligible for getting processed by all BeanPostProcessors (for example: not eligible for auto-proxying)
2019-04-20 09:14:47.184  INFO 836 --- [restartedMain] trationDelegate$BeanPostProcessorChecker : Bean 'iRedisService' of type [com.example.service.impl.IRedisServiceImpl] is not eligible for getting processed by all BeanPostProcessors (for example: not eligible for auto-proxying)
2019-04-20 09:14:47.186  INFO 836 --- [restartedMain] trationDelegate$BeanPostProcessorChecker : Bean 'sessoinDao' of type [com.example.redis.RedisSessionDao] is not eligible for getting processed by all BeanPostProcessors (for example: not eligible for auto-proxying)
2019-04-20 09:14:47.189  INFO 836 --- [restartedMain] trationDelegate$BeanPostProcessorChecker : Bean 'simpleCookie' of type [org.apache.shiro.web.servlet.SimpleCookie] is not eligible for getting processed by all BeanPostProcessors (for example: not eligible for auto-proxying)
2019-04-20 09:14:47.191  INFO 836 --- [restartedMain] trationDelegate$BeanPostProcessorChecker : Bean 'sessionManager' of type [org.apache.shiro.web.session.mgt.DefaultWebSessionManager] is not eligible for getting processed by all BeanPostProcessors (for example: not eligible for auto-proxying)
2019-04-20 09:14:47.193  INFO 836 --- [restartedMain] trationDelegate$BeanPostProcessorChecker : Bean 'securityManager' of type [org.apache.shiro.web.mgt.DefaultWebSecurityManager] is not eligible for getting processed by all BeanPostProcessors (for example: not eligible for auto-proxying)
2019-04-20 09:14:47.238  INFO 836 --- [restartedMain] trationDelegate$BeanPostProcessorChecker : Bean 'org.springframework.ws.config.annotation.DelegatingWsConfiguration' of type [org.springframework.ws.config.annotation.DelegatingWsConfiguration$$EnhancerBySpringCGLIB$$3da90bcb] is not eligible for getting processed by all BeanPostProcessors (for example: not eligible for auto-proxying)
2019-04-20 09:14:47.250  WARN 836 --- [restartedMain] o.s.x.DocumentBuilderFactoryUtils        : http://javax.xml.XMLConstants/property/accessExternalDTD property not supported by org.apache.xerces.jaxp.DocumentBuilderFactoryImpl
2019-04-20 09:14:47.251  WARN 836 --- [restartedMain] o.s.x.DocumentBuilderFactoryUtils        : http://javax.xml.XMLConstants/property/accessExternalSchema property not supported by org.apache.xerces.jaxp.DocumentBuilderFactoryImpl
2019-04-20 09:14:47.264  INFO 836 --- [restartedMain] .w.s.a.s.AnnotationActionEndpointMapping : Supporting [WS-Addressing August 2004, WS-Addressing 1.0]
2019-04-20 09:14:47.277  INFO 836 --- [restartedMain] trationDelegate$BeanPostProcessorChecker : Bean 'sourceAdvisor' of type [org.apache.shiro.spring.security.interceptor.AuthorizationAttributeSourceAdvisor] is not eligible for getting processed by all BeanPostProcessors (for example: not eligible for auto-proxying)
2019-04-20 09:14:47.320  INFO 836 --- [restartedMain] trationDelegate$BeanPostProcessorChecker : Bean 'org.springframework.transaction.annotation.ProxyTransactionManagementConfiguration' of type [org.springframework.transaction.annotation.ProxyTransactionManagementConfiguration$$EnhancerBySpringCGLIB$$991146cc] is not eligible for getting processed by all BeanPostProcessors (for example: not eligible for auto-proxying)
2019-04-20 09:14:47.902  INFO 836 --- [restartedMain] o.s.b.w.e.t.TomcatWebServer              : Tomcat initialized with port(s): 8888 (http)
2019-04-20 09:14:47.926  INFO 836 --- [restartedMain] o.a.c.c.StandardService                  : Starting service [Tomcat]
2019-04-20 09:14:47.927  INFO 836 --- [restartedMain] o.a.c.c.StandardEngine                   : Starting Servlet engine: [Apache Tomcat/9.0.16]
2019-04-20 09:14:47.935  INFO 836 --- [restartedMain] o.a.c.c.AprLifecycleListener             : An older version [1.2.19] of the APR based Apache Tomcat Native library is installed, while Tomcat recommends a minimum version of [1.2.21]
2019-04-20 09:14:47.935  INFO 836 --- [restartedMain] o.a.c.c.AprLifecycleListener             : Loaded APR based Apache Tomcat Native library [1.2.19] using APR version [1.6.5].
2019-04-20 09:14:47.935  INFO 836 --- [restartedMain] o.a.c.c.AprLifecycleListener             : APR capabilities: IPv6 [true], sendfile [true], accept filters [false], random [true].
2019-04-20 09:14:47.936  INFO 836 --- [restartedMain] o.a.c.c.AprLifecycleListener             : APR/OpenSSL configuration: useAprConnector [false], useOpenSSL [true]
2019-04-20 09:14:47.939  INFO 836 --- [restartedMain] o.a.c.c.AprLifecycleListener             : OpenSSL successfully initialized [OpenSSL 1.1.1a  20 Nov 2018]
2019-04-20 09:14:48.059  INFO 836 --- [restartedMain] o.a.c.c.C.[.[.[/]                        : Initializing Spring embedded WebApplicationContext
2019-04-20 09:14:48.059  INFO 836 --- [restartedMain] o.s.w.c.ContextLoader                    : Root WebApplicationContext: initialization completed in 2917 ms
2019-04-20 09:14:48.443  INFO 836 --- [restartedMain] i.l.c.EpollProvider                      : Starting without optional epoll library
2019-04-20 09:14:48.444  INFO 836 --- [restartedMain] i.l.c.KqueueProvider                     : Starting without optional kqueue library
2019-04-20 09:14:49.061  INFO 836 --- [restartedMain] o.s.s.c.ThreadPoolTaskExecutor           : Initializing ExecutorService 'applicationTaskExecutor'
2019-04-20 09:14:49.259  WARN 836 --- [restartedMain] o.t.t.TemplateMode                       : [THYMELEAF][restartedMain] Template Mode 'LEGACYHTML5' is deprecated. Using Template Mode 'HTML' instead.
2019-04-20 09:14:49.330  INFO 836 --- [restartedMain] o.s.b.a.w.s.WelcomePageHandlerMapping    : Adding welcome page template: index
2019-04-20 09:14:52.220  INFO 836 --- [restartedMain] o.s.b.d.a.OptionalLiveReloadServer       : LiveReload server is running on port 35729
2019-04-20 09:14:52.373  INFO 836 --- [restartedMain] s.a.ScheduledAnnotationBeanPostProcessor : No TaskScheduler/ScheduledExecutorService bean found for scheduled processing
2019-04-20 09:14:52.405  INFO 836 --- [restartedMain] o.s.b.w.e.t.TomcatWebServer              : Tomcat started on port(s): 8888 (http) with context path ''
2019-04-20 09:14:52.410  INFO 836 --- [restartedMain] c.e.d.Demo2Application                   : Started Demo2Application in 7.955 seconds (JVM running for 9.768)
2019-04-20 09:16:24.401  INFO 836 --- [http-nio-8888-exec-1] o.a.c.c.C.[.[.[/]                        : Initializing Spring DispatcherServlet 'dispatcherServlet'
2019-04-20 09:16:24.401  INFO 836 --- [http-nio-8888-exec-1] o.s.w.s.DispatcherServlet                : Initializing Servlet 'dispatcherServlet'
2019-04-20 09:16:24.418  INFO 836 --- [http-nio-8888-exec-1] o.s.w.s.DispatcherServlet                : Completed initialization in 17 ms
2019-04-20 09:16:24.439  INFO 836 --- [http-nio-8888-exec-1] a.s.s.m.AbstractValidatingSessionManager : Enabling session validation scheduler...
2019-04-20 09:16:24.563  INFO 836 --- [http-nio-8888-exec-1] c.z.h.HikariDataSource                   : HikariPool-1 - Starting...
2019-04-20 09:16:24.715  INFO 836 --- [http-nio-8888-exec-1] c.z.h.HikariDataSource                   : HikariPool-1 - Start completed.
2019-04-20 09:16:24.800  INFO 836 --- [http-nio-8888-exec-1] c.e.b.MyLogAction                        : 用户登录方法
2019-04-20 09:16:24.800  INFO 836 --- [http-nio-8888-exec-1] c.e.b.MyLogAction                        : 用户登录模块
2019-04-20 09:29:25.552  INFO 836 --- [http-nio-8888-exec-9] c.e.b.MyLogAction                        : 用户登录方法
2019-04-20 09:29:25.552  INFO 836 --- [http-nio-8888-exec-9] c.e.b.MyLogAction                        : 用户登录模块
2019-04-20 09:29:31.784  INFO 836 --- [http-nio-8888-exec-4] c.e.b.MyLogAction                        : 用户登录方法
2019-04-20 09:29:31.784  INFO 836 --- [http-nio-8888-exec-4] c.e.b.MyLogAction                        : 用户登录模块
2019-04-20 09:29:51.041  INFO 836 --- [http-nio-8888-exec-3] c.e.b.MyLogAction                        : 用户登录方法
2019-04-20 09:29:51.042  INFO 836 --- [http-nio-8888-exec-3] c.e.b.MyLogAction                        : 用户登录模块
2019-04-20 09:30:21.277  INFO 836 --- [http-nio-8888-exec-6] c.e.b.MyLogAction                        : 用户登录方法
2019-04-20 09:30:21.277  INFO 836 --- [http-nio-8888-exec-6] c.e.b.MyLogAction                        : 用户登录模块
2019-04-20 09:36:49.549  INFO 836 --- [http-nio-8888-exec-2] c.e.b.MyLogAction                        : 用户登录方法
2019-04-20 09:36:49.549  INFO 836 --- [http-nio-8888-exec-2] c.e.b.MyLogAction                        : 用户登录模块
2019-04-20 09:37:03.213  INFO 836 --- [http-nio-8888-exec-5] c.e.b.MyLogAction                        : 用户登录方法
2019-04-20 09:37:03.213  INFO 836 --- [http-nio-8888-exec-5] c.e.b.MyLogAction                        : 用户登录模块
2019-04-20 09:39:57.948  INFO 836 --- [http-nio-8888-exec-9] c.e.b.MyLogAction                        : 用户登录方法
2019-04-20 09:39:57.949  INFO 836 --- [http-nio-8888-exec-9] c.e.b.MyLogAction                        : 用户登录模块
2019-04-20 09:43:09.566  INFO 1336 --- [restartedMain] c.e.d.Demo2Application                   : Starting Demo2Application on CEN-GD with PID 1336 (F:\springbootwork\demo2\target\classes started by 10637_000 in F:\springbootwork\demo2)
2019-04-20 09:43:09.574  INFO 1336 --- [restartedMain] c.e.d.Demo2Application                   : The following profiles are active: dev
2019-04-20 09:43:09.624  INFO 1336 --- [restartedMain] .e.DevToolsPropertyDefaultsPostProcessor : Devtools property defaults active! Set 'spring.devtools.add-properties' to 'false' to disable
2019-04-20 09:43:09.624  INFO 1336 --- [restartedMain] .e.DevToolsPropertyDefaultsPostProcessor : For additional web related logging consider setting the 'logging.level.web' property to 'DEBUG'
2019-04-20 09:43:10.314  INFO 1336 --- [restartedMain] .s.d.r.c.RepositoryConfigurationDelegate : Multiple Spring Data modules found, entering strict repository configuration mode!
2019-04-20 09:43:10.318  INFO 1336 --- [restartedMain] .s.d.r.c.RepositoryConfigurationDelegate : Bootstrapping Spring Data repositories in DEFAULT mode.
2019-04-20 09:43:10.338  INFO 1336 --- [restartedMain] .s.d.r.c.RepositoryConfigurationDelegate : Finished Spring Data repository scanning in 10ms. Found 0 repository interfaces.
2019-04-20 09:43:10.625  INFO 1336 --- [restartedMain] trationDelegate$BeanPostProcessorChecker : Bean 'shiroConfiguration' of type [com.example.shiro.ShiroConfiguration$$EnhancerBySpringCGLIB$$48bcfd9c] is not eligible for getting processed by all BeanPostProcessors (for example: not eligible for auto-proxying)
2019-04-20 09:43:10.861  INFO 1336 --- [restartedMain] trationDelegate$BeanPostProcessorChecker : Bean 'mybatis-org.mybatis.spring.boot.autoconfigure.MybatisProperties' of type [org.mybatis.spring.boot.autoconfigure.MybatisProperties] is not eligible for getting processed by all BeanPostProcessors (for example: not eligible for auto-proxying)
2019-04-20 09:43:10.870  INFO 1336 --- [restartedMain] trationDelegate$BeanPostProcessorChecker : Bean 'org.mybatis.spring.boot.autoconfigure.MybatisAutoConfiguration' of type [org.mybatis.spring.boot.autoconfigure.MybatisAutoConfiguration$$EnhancerBySpringCGLIB$$7eae5374] is not eligible for getting processed by all BeanPostProcessors (for example: not eligible for auto-proxying)
2019-04-20 09:43:10.872  INFO 1336 --- [restartedMain] trationDelegate$BeanPostProcessorChecker : Bean 'org.springframework.boot.autoconfigure.jdbc.DataSourceConfiguration$Hikari' of type [org.springframework.boot.autoconfigure.jdbc.DataSourceConfiguration$Hikari] is not eligible for getting processed by all BeanPostProcessors (for example: not eligible for auto-proxying)
2019-04-20 09:43:10.880  INFO 1336 --- [restartedMain] trationDelegate$BeanPostProcessorChecker : Bean 'spring.datasource-org.springframework.boot.autoconfigure.jdbc.DataSourceProperties' of type [org.springframework.boot.autoconfigure.jdbc.DataSourceProperties] is not eligible for getting processed by all BeanPostProcessors (for example: not eligible for auto-proxying)
2019-04-20 09:43:10.899  INFO 1336 --- [restartedMain] trationDelegate$BeanPostProcessorChecker : Bean 'dataSource' of type [com.zaxxer.hikari.HikariDataSource] is not eligible for getting processed by all BeanPostProcessors (for example: not eligible for auto-proxying)
2019-04-20 09:43:11.055  INFO 1336 --- [restartedMain] trationDelegate$BeanPostProcessorChecker : Bean 'sqlSessionFactory' of type [org.apache.ibatis.session.defaults.DefaultSqlSessionFactory] is not eligible for getting processed by all BeanPostProcessors (for example: not eligible for auto-proxying)
2019-04-20 09:43:11.060  INFO 1336 --- [restartedMain] trationDelegate$BeanPostProcessorChecker : Bean 'sqlSessionTemplate' of type [org.mybatis.spring.SqlSessionTemplate] is not eligible for getting processed by all BeanPostProcessors (for example: not eligible for auto-proxying)
2019-04-20 09:43:11.061  INFO 1336 --- [restartedMain] trationDelegate$BeanPostProcessorChecker : Bean 'userMapper' of type [org.mybatis.spring.mapper.MapperFactoryBean] is not eligible for getting processed by all BeanPostProcessors (for example: not eligible for auto-proxying)
2019-04-20 09:43:11.064  INFO 1336 --- [restartedMain] trationDelegate$BeanPostProcessorChecker : Bean 'userMapper' of type [com.sun.proxy.$Proxy75] is not eligible for getting processed by all BeanPostProcessors (for example: not eligible for auto-proxying)
2019-04-20 09:43:11.065  INFO 1336 --- [restartedMain] trationDelegate$BeanPostProcessorChecker : Bean 'ILoginserviceImpl' of type [com.example.service.impl.ILoginserviceImpl] is not eligible for getting processed by all BeanPostProcessors (for example: not eligible for auto-proxying)
2019-04-20 09:43:11.067  INFO 1336 --- [restartedMain] trationDelegate$BeanPostProcessorChecker : Bean 'myShiroRealm' of type [com.example.shiro.MyShiroRealm] is not eligible for getting processed by all BeanPostProcessors (for example: not eligible for auto-proxying)
2019-04-20 09:43:11.422  INFO 1336 --- [restartedMain] trationDelegate$BeanPostProcessorChecker : Bean 'ehCacheManager' of type [org.apache.shiro.cache.ehcache.EhCacheManager] is not eligible for getting processed by all BeanPostProcessors (for example: not eligible for auto-proxying)
2019-04-20 09:43:11.423  INFO 1336 --- [restartedMain] o.a.s.c.e.EhCacheManager                 : Cache with name 'com.example.shiro.MyShiroRealm.authorizationCache' does not yet exist.  Creating now.
2019-04-20 09:43:11.442  INFO 1336 --- [restartedMain] o.a.s.c.e.EhCacheManager                 : Added EhCache named [com.example.shiro.MyShiroRealm.authorizationCache]
2019-04-20 09:43:11.466  INFO 1336 --- [restartedMain] trationDelegate$BeanPostProcessorChecker : Bean 'spring.redis-org.springframework.boot.autoconfigure.data.redis.RedisProperties' of type [org.springframework.boot.autoconfigure.data.redis.RedisProperties] is not eligible for getting processed by all BeanPostProcessors (for example: not eligible for auto-proxying)
2019-04-20 09:43:11.469  INFO 1336 --- [restartedMain] trationDelegate$BeanPostProcessorChecker : Bean 'org.springframework.boot.autoconfigure.data.redis.LettuceConnectionConfiguration' of type [org.springframework.boot.autoconfigure.data.redis.LettuceConnectionConfiguration$$EnhancerBySpringCGLIB$$60f3c08e] is not eligible for getting processed by all BeanPostProcessors (for example: not eligible for auto-proxying)
2019-04-20 09:43:11.553  INFO 1336 --- [restartedMain] trationDelegate$BeanPostProcessorChecker : Bean 'lettuceClientResources' of type [io.lettuce.core.resource.DefaultClientResources] is not eligible for getting processed by all BeanPostProcessors (for example: not eligible for auto-proxying)
2019-04-20 09:43:11.616  INFO 1336 --- [restartedMain] trationDelegate$BeanPostProcessorChecker : Bean 'redisConnectionFactory' of type [org.springframework.data.redis.connection.lettuce.LettuceConnectionFactory] is not eligible for getting processed by all BeanPostProcessors (for example: not eligible for auto-proxying)
2019-04-20 09:43:11.616  INFO 1336 --- [restartedMain] trationDelegate$BeanPostProcessorChecker : Bean 'redisConfig' of type [com.example.redis.RedisConfig$$EnhancerBySpringCGLIB$$f36d96a2] is not eligible for getting processed by all BeanPostProcessors (for example: not eligible for auto-proxying)
2019-04-20 09:43:11.632  INFO 1336 --- [restartedMain] trationDelegate$BeanPostProcessorChecker : Bean 'functionDomainRedisTemplate' of type [org.springframework.data.redis.core.RedisTemplate] is not eligible for getting processed by all BeanPostProcessors (for example: not eligible for auto-proxying)
2019-04-20 09:43:11.639  INFO 1336 --- [restartedMain] trationDelegate$BeanPostProcessorChecker : Bean 'hashOperations' of type [org.springframework.data.redis.core.DefaultHashOperations] is not eligible for getting processed by all BeanPostProcessors (for example: not eligible for auto-proxying)
2019-04-20 09:43:11.643  INFO 1336 --- [restartedMain] trationDelegate$BeanPostProcessorChecker : Bean 'iRedisService' of type [com.example.service.impl.IRedisServiceImpl] is not eligible for getting processed by all BeanPostProcessors (for example: not eligible for auto-proxying)
2019-04-20 09:43:11.645  INFO 1336 --- [restartedMain] trationDelegate$BeanPostProcessorChecker : Bean 'sessoinDao' of type [com.example.redis.RedisSessionDao] is not eligible for getting processed by all BeanPostProcessors (for example: not eligible for auto-proxying)
2019-04-20 09:43:11.649  INFO 1336 --- [restartedMain] trationDelegate$BeanPostProcessorChecker : Bean 'simpleCookie' of type [org.apache.shiro.web.servlet.SimpleCookie] is not eligible for getting processed by all BeanPostProcessors (for example: not eligible for auto-proxying)
2019-04-20 09:43:11.654  INFO 1336 --- [restartedMain] trationDelegate$BeanPostProcessorChecker : Bean 'sessionManager' of type [org.apache.shiro.web.session.mgt.DefaultWebSessionManager] is not eligible for getting processed by all BeanPostProcessors (for example: not eligible for auto-proxying)
2019-04-20 09:43:11.658  INFO 1336 --- [restartedMain] trationDelegate$BeanPostProcessorChecker : Bean 'securityManager' of type [org.apache.shiro.web.mgt.DefaultWebSecurityManager] is not eligible for getting processed by all BeanPostProcessors (for example: not eligible for auto-proxying)
2019-04-20 09:43:11.710  INFO 1336 --- [restartedMain] trationDelegate$BeanPostProcessorChecker : Bean 'org.springframework.ws.config.annotation.DelegatingWsConfiguration' of type [org.springframework.ws.config.annotation.DelegatingWsConfiguration$$EnhancerBySpringCGLIB$$f071c743] is not eligible for getting processed by all BeanPostProcessors (for example: not eligible for auto-proxying)
2019-04-20 09:43:11.725  WARN 1336 --- [restartedMain] o.s.x.DocumentBuilderFactoryUtils        : http://javax.xml.XMLConstants/property/accessExternalDTD property not supported by org.apache.xerces.jaxp.DocumentBuilderFactoryImpl
2019-04-20 09:43:11.726  WARN 1336 --- [restartedMain] o.s.x.DocumentBuilderFactoryUtils        : http://javax.xml.XMLConstants/property/accessExternalSchema property not supported by org.apache.xerces.jaxp.DocumentBuilderFactoryImpl
2019-04-20 09:43:11.739  INFO 1336 --- [restartedMain] .w.s.a.s.AnnotationActionEndpointMapping : Supporting [WS-Addressing August 2004, WS-Addressing 1.0]
2019-04-20 09:43:11.749  INFO 1336 --- [restartedMain] trationDelegate$BeanPostProcessorChecker : Bean 'sourceAdvisor' of type [org.apache.shiro.spring.security.interceptor.AuthorizationAttributeSourceAdvisor] is not eligible for getting processed by all BeanPostProcessors (for example: not eligible for auto-proxying)
2019-04-20 09:43:11.784  INFO 1336 --- [restartedMain] trationDelegate$BeanPostProcessorChecker : Bean 'org.springframework.transaction.annotation.ProxyTransactionManagementConfiguration' of type [org.springframework.transaction.annotation.ProxyTransactionManagementConfiguration$$EnhancerBySpringCGLIB$$4bda0244] is not eligible for getting processed by all BeanPostProcessors (for example: not eligible for auto-proxying)
2019-04-20 09:43:12.281  INFO 1336 --- [restartedMain] o.s.b.w.e.t.TomcatWebServer              : Tomcat initialized with port(s): 8888 (http)
2019-04-20 09:43:12.312  INFO 1336 --- [restartedMain] o.a.c.c.StandardService                  : Starting service [Tomcat]
2019-04-20 09:43:12.313  INFO 1336 --- [restartedMain] o.a.c.c.StandardEngine                   : Starting Servlet engine: [Apache Tomcat/9.0.16]
2019-04-20 09:43:12.320  INFO 1336 --- [restartedMain] o.a.c.c.AprLifecycleListener             : An older version [1.2.19] of the APR based Apache Tomcat Native library is installed, while Tomcat recommends a minimum version of [1.2.21]
2019-04-20 09:43:12.320  INFO 1336 --- [restartedMain] o.a.c.c.AprLifecycleListener             : Loaded APR based Apache Tomcat Native library [1.2.19] using APR version [1.6.5].
2019-04-20 09:43:12.321  INFO 1336 --- [restartedMain] o.a.c.c.AprLifecycleListener             : APR capabilities: IPv6 [true], sendfile [true], accept filters [false], random [true].
2019-04-20 09:43:12.321  INFO 1336 --- [restartedMain] o.a.c.c.AprLifecycleListener             : APR/OpenSSL configuration: useAprConnector [false], useOpenSSL [true]
2019-04-20 09:43:12.324  INFO 1336 --- [restartedMain] o.a.c.c.AprLifecycleListener             : OpenSSL successfully initialized [OpenSSL 1.1.1a  20 Nov 2018]
2019-04-20 09:43:12.455  INFO 1336 --- [restartedMain] o.a.c.c.C.[.[.[/]                        : Initializing Spring embedded WebApplicationContext
2019-04-20 09:43:12.455  INFO 1336 --- [restartedMain] o.s.w.c.ContextLoader                    : Root WebApplicationContext: initialization completed in 2830 ms
2019-04-20 09:43:12.903  INFO 1336 --- [restartedMain] i.l.c.EpollProvider                      : Starting without optional epoll library
2019-04-20 09:43:12.905  INFO 1336 --- [restartedMain] i.l.c.KqueueProvider                     : Starting without optional kqueue library
2019-04-20 09:43:13.413  INFO 1336 --- [restartedMain] o.s.s.c.ThreadPoolTaskExecutor           : Initializing ExecutorService 'applicationTaskExecutor'
2019-04-20 09:43:13.568  WARN 1336 --- [restartedMain] o.t.t.TemplateMode                       : [THYMELEAF][restartedMain] Template Mode 'LEGACYHTML5' is deprecated. Using Template Mode 'HTML' instead.
2019-04-20 09:43:13.614  INFO 1336 --- [restartedMain] o.s.b.a.w.s.WelcomePageHandlerMapping    : Adding welcome page template: index
2019-04-20 09:43:14.416  INFO 1336 --- [restartedMain] o.s.b.d.a.OptionalLiveReloadServer       : LiveReload server is running on port 35729
2019-04-20 09:43:14.506  INFO 1336 --- [restartedMain] s.a.ScheduledAnnotationBeanPostProcessor : No TaskScheduler/ScheduledExecutorService bean found for scheduled processing
2019-04-20 09:43:14.527  INFO 1336 --- [restartedMain] o.s.b.w.e.t.TomcatWebServer              : Tomcat started on port(s): 8888 (http) with context path ''
2019-04-20 09:43:14.530  INFO 1336 --- [restartedMain] c.e.d.Demo2Application                   : Started Demo2Application in 6.018 seconds (JVM running for 7.307)
2019-04-20 09:43:33.165  INFO 1336 --- [http-nio-8888-exec-1] o.a.c.c.C.[.[.[/]                        : Initializing Spring DispatcherServlet 'dispatcherServlet'
2019-04-20 09:43:33.165  INFO 1336 --- [http-nio-8888-exec-1] o.s.w.s.DispatcherServlet                : Initializing Servlet 'dispatcherServlet'
2019-04-20 09:43:33.183  INFO 1336 --- [http-nio-8888-exec-1] o.s.w.s.DispatcherServlet                : Completed initialization in 18 ms
2019-04-20 09:43:33.210  INFO 1336 --- [http-nio-8888-exec-1] a.s.s.m.AbstractValidatingSessionManager : Enabling session validation scheduler...
2019-04-20 09:43:33.327  INFO 1336 --- [http-nio-8888-exec-1] c.z.h.HikariDataSource                   : HikariPool-1 - Starting...
2019-04-20 09:43:33.464  INFO 1336 --- [http-nio-8888-exec-1] c.z.h.HikariDataSource                   : HikariPool-1 - Start completed.
2019-04-20 09:43:33.519  INFO 1336 --- [http-nio-8888-exec-1] c.e.b.MyLogAction                        : 用户登录方法
2019-04-20 09:43:33.520  INFO 1336 --- [http-nio-8888-exec-1] c.e.b.MyLogAction                        : 用户登录模块
2019-04-20 09:44:12.621  INFO 1336 --- [http-nio-8888-exec-5] c.e.b.MyLogAction                        : 用户登录方法
2019-04-20 09:44:12.622  INFO 1336 --- [http-nio-8888-exec-5] c.e.b.MyLogAction                        : 用户登录模块
2019-04-20 09:44:25.395  INFO 1336 --- [http-nio-8888-exec-2] c.e.b.MyLogAction                        : 用户登录方法
2019-04-20 09:44:25.395  INFO 1336 --- [http-nio-8888-exec-2] c.e.b.MyLogAction                        : 用户登录模块
2019-04-20 09:47:33.296  INFO 1336 --- [http-nio-8888-exec-1] c.e.b.MyLogAction                        : 用户登录方法
2019-04-20 09:47:33.297  INFO 1336 --- [http-nio-8888-exec-1] c.e.b.MyLogAction                        : 用户登录模块
2019-04-20 10:43:33.212  INFO 1336 --- [SessionValidationThread-1] a.s.s.m.AbstractValidatingSessionManager : Validating all active sessions...
